<?xml version="1.0" encoding="UTF-8"?>
<!-- Generated by org.testng.reporters.JUnitXMLReporter -->
<testsuite ignored="0" hostname="inbl01lap5380" failures="0" tests="4" name="Test" time="4.446" errors="0" timestamp="2022-02-19T17:28:45 IST">
  <testcase classname="PostRequest.Project_PostRequest" name="Post_Request" time="2.166"/>
  <testcase classname="GetRequest.Project_GetRequest" name="Get_Request" time="0.775"/>
  <testcase classname="DeleteRequest.Project_DeleteRequest" name="Delete_Request" time="0.907"/>
  <testcase classname="PutRequest.Project_PutRequest" name="Put_Request" time="0.552"/>
</testsuite> <!-- Test -->
