<?xml version="1.0" encoding="UTF-8"?>
<testng-results ignored="0" total="4" passed="4" failed="0" skipped="0">
  <reporter-output>
  </reporter-output>
  <suite started-at="2022-02-18T21:52:18 IST" name="Default suite" finished-at="2022-02-18T21:52:42 IST" duration-ms="24199">
    <groups>
    </groups>
    <test started-at="2022-02-18T21:52:18 IST" name="Default test" finished-at="2022-02-18T21:52:42 IST" duration-ms="24199">
      <class name="TestCase.Test_case">
        <test-method is-config="true" signature="Launching_Browser()[pri:0, instance:TestCase.Test_case@5340477f]" started-at="2022-02-18T21:52:06 IST" name="Launching_Browser" finished-at="2022-02-18T21:52:18 IST" duration-ms="11960" status="PASS">
          <reporter-output>
          </reporter-output>
        </test-method> <!-- Launching_Browser -->
        <test-method is-config="true" signature="BeforeTest()[pri:0, instance:TestCase.Test_case@5340477f]" started-at="2022-02-18T21:52:18 IST" name="BeforeTest" finished-at="2022-02-18T21:52:18 IST" duration-ms="12" status="PASS">
          <reporter-output>
          </reporter-output>
        </test-method> <!-- BeforeTest -->
        <test-method signature="Invalid_Sign_in()[pri:0, instance:TestCase.Test_case@5340477f]" started-at="2022-02-18T21:52:18 IST" name="Invalid_Sign_in" finished-at="2022-02-18T21:52:20 IST" duration-ms="2305" status="PASS">
          <reporter-output>
          </reporter-output>
        </test-method> <!-- Invalid_Sign_in -->
        <test-method is-config="true" signature="BeforeTest()[pri:0, instance:TestCase.Test_case@5340477f]" started-at="2022-02-18T21:52:20 IST" name="BeforeTest" finished-at="2022-02-18T21:52:20 IST" duration-ms="3" status="PASS">
          <reporter-output>
          </reporter-output>
        </test-method> <!-- BeforeTest -->
        <test-method signature="Sign_in()[pri:0, instance:TestCase.Test_case@5340477f]" started-at="2022-02-18T21:52:20 IST" name="Sign_in" finished-at="2022-02-18T21:52:23 IST" depends-on-methods="TestCase.Test_case.Invalid_Sign_in" duration-ms="2474" status="PASS">
          <reporter-output>
          </reporter-output>
        </test-method> <!-- Sign_in -->
        <test-method is-config="true" signature="BeforeTest()[pri:0, instance:TestCase.Test_case@5340477f]" started-at="2022-02-18T21:52:23 IST" name="BeforeTest" finished-at="2022-02-18T21:52:23 IST" duration-ms="4" status="PASS">
          <reporter-output>
          </reporter-output>
        </test-method> <!-- BeforeTest -->
        <test-method signature="Inpatient_Ward()[pri:0, instance:TestCase.Test_case@5340477f]" started-at="2022-02-18T21:52:23 IST" name="Inpatient_Ward" finished-at="2022-02-18T21:52:32 IST" depends-on-methods="TestCase.Test_case.Sign_in" duration-ms="8974" status="PASS">
          <reporter-output>
          </reporter-output>
        </test-method> <!-- Inpatient_Ward -->
        <test-method is-config="true" signature="BeforeTest()[pri:0, instance:TestCase.Test_case@5340477f]" started-at="2022-02-18T21:52:32 IST" name="BeforeTest" finished-at="2022-02-18T21:52:32 IST" duration-ms="2" status="PASS">
          <reporter-output>
          </reporter-output>
        </test-method> <!-- BeforeTest -->
        <test-method signature="CaptureVitals()[pri:0, instance:TestCase.Test_case@5340477f]" started-at="2022-02-18T21:52:32 IST" name="CaptureVitals" finished-at="2022-02-18T21:52:42 IST" depends-on-methods="TestCase.Test_case.Inpatient_Ward" duration-ms="10384" status="PASS">
          <reporter-output>
          </reporter-output>
        </test-method> <!-- CaptureVitals -->
      </class> <!-- TestCase.Test_case -->
    </test> <!-- Default test -->
  </suite> <!-- Default suite -->
</testng-results>
