<?xml version="1.0" encoding="UTF-8"?>
<!-- Generated by org.testng.reporters.JUnitXMLReporter -->
<testsuite ignored="0" hostname="inbl01lap7073" failures="0" tests="4" name="Default test" time="24.199" errors="0" timestamp="2022-02-18T21:52:42 IST">
  <testcase classname="TestCase.Test_case" name="Invalid_Sign_in" time="2.305"/>
  <testcase classname="TestCase.Test_case" name="Sign_in" time="2.474"/>
  <testcase classname="TestCase.Test_case" name="Inpatient_Ward" time="8.974"/>
  <testcase classname="TestCase.Test_case" name="CaptureVitals" time="10.384"/>
</testsuite> <!-- Default test -->
